<?xml version="1.0" encoding="UTF-8"?>
<testng-results ignored="0" total="2" passed="2" failed="0" skipped="0">
  <reporter-output>
  </reporter-output>
  <suite started-at="2022-12-13T10:24:29 IST" name="Default suite" finished-at="2022-12-13T10:24:53 IST" duration-ms="23651">
    <groups>
    </groups>
    <test started-at="2022-12-13T10:24:29 IST" name="Default test" finished-at="2022-12-13T10:24:53 IST" duration-ms="23651">
      <class name="tooctavius.AddLogin">
        <test-method is-config="true" signature="launchBrowser()[pri:0, instance:tooctavius.AddLogin@441772e]" started-at="2022-12-13T10:24:29 IST" name="launchBrowser" finished-at="2022-12-13T10:24:32 IST" duration-ms="2592" status="PASS">
          <reporter-output>
          </reporter-output>
        </test-method> <!-- launchBrowser -->
        <test-method signature="InsertCredentialsEmai()[pri:0, instance:tooctavius.AddLogin@441772e]" started-at="2022-12-13T10:24:32 IST" name="InsertCredentialsEmai" finished-at="2022-12-13T10:24:42 IST" duration-ms="10655" status="PASS">
          <reporter-output>
          </reporter-output>
        </test-method> <!-- InsertCredentialsEmai -->
        <test-method signature="logout()[pri:0, instance:tooctavius.AddLogin@441772e]" started-at="2022-12-13T10:24:42 IST" name="logout" finished-at="2022-12-13T10:24:53 IST" duration-ms="10227" status="PASS">
          <reporter-output>
          </reporter-output>
        </test-method> <!-- logout -->
        <test-method is-config="true" signature="terminateBrowser()[pri:0, instance:tooctavius.AddLogin@441772e]" started-at="2022-12-13T10:24:53 IST" name="terminateBrowser" finished-at="2022-12-13T10:24:53 IST" duration-ms="135" status="PASS">
          <reporter-output>
          </reporter-output>
        </test-method> <!-- terminateBrowser -->
      </class> <!-- tooctavius.AddLogin -->
    </test> <!-- Default test -->
  </suite> <!-- Default suite -->
</testng-results>
